<?xml version="1.0" encoding="UTF-8"?>
<testsuites name="jest tests" tests="1" failures="0" errors="0" time="3.29">
  <testsuite name="src\App.test.tsx" errors="0" failures="0" skipped="0" timestamp="2021-06-17T16:01:34" time="2.094" tests="1">
    <testcase classname=" renders learn react link" name=" renders learn react link" time="0.069">
    </testcase>
  </testsuite>
</testsuites>