<?xml version="1.0"?>
<testsuites>
  <testsuite name="HeadlessChrome 81.0.4044 (Windows 10.0.0)" package="" timestamp="2020-05-05T01:17:09" id="0" hostname="MHassairi-new">
    <properties>
      <property name="browser.fullName" value="Mozilla/5.0 (Windows NT 10.0; Win64; x64) AppleWebKit/537.36 (KHTML, like Gecko) HeadlessChrome/81.0.4044.129 Safari/537.36"/>
    </properties>
  </testsuite>
  <testsuite name="HeadlessChrome 81.0.4044 (Windows 10.0.0)" package="" timestamp="2020-05-05T01:17:12" id="0" hostname="MHassairi-new" tests="5" errors="1" failures="1" time="1.182">
    <properties>
      <property name="browser.fullName" value="Mozilla/5.0 (Windows NT 10.0; Win64; x64) AppleWebKit/537.36 (KHTML, like Gecko) HeadlessChrome/81.0.4044.129 Safari/537.36"/>
    </properties>
    <testcase name="should update closeResult when modal closed" time="0" classname="HeadlessChrome 81.0.4044 (Windows 10.0.0).ContentInlineEditorComponent">
      <skipped/>
    </testcase>
    <testcase name="should open modal" time="1.182" classname="HeadlessChrome 81.0.4044 (Windows 10.0.0).ContentInlineEditorComponent">
      <failure type="">  StaticInjectorError(Platform: core)[ContentInlineEditorComponent -&gt; Store]: 
    NullInjectorError: No provider for Store!
error properties: Object({ ngTempTokenPath: null, ngTokenPath: [ &apos;ContentInlineEditorComponent&apos;, Function ], ngDebugContext: DebugContext_({ view: Object({ def: Object({ factory: Function, nodeFlags: 33800193, rootNodeFlags: 33554433, nodeMatchedQueries: 0, flags: 0, nodes: [ Object({ nodeIndex: 0, parent: null, renderParent: null, bindingIndex: 0, outputIndex: 0, checkIndex: 0, flags: 33554433, childFlags: 245760, directChildFlags: 245760, childMatchedQueries: 0, matchedQueries: Object({  }), matchedQueryIds: 0, references: Object({  }), ngContentIndex: null, childCount: 1, bindings: [  ], bindingFlags: 0, outputs: [  ], element: Object({ ns: &apos;&apos;, name: &apos;fge-content-inline-editor&apos;, attrs: [  ], template: null, componentProvider: Object({ nodeIndex: 1, parent: &lt;circular reference: Object&gt;, renderParent: &lt;circular reference: Object&gt;, bindingIndex: 0, outputIndex: 0, checkIndex: 1, flags: 245760, childFlags: 0, directChildFlags: 0, childMatchedQueries: 0, matchedQueries: Object, matchedQueryIds: 0, ref ...
Error: StaticInjectorError(DynamicTestModule)[ContentInlineEditorComponent -&gt; Store]: 
    at NullInjector.push../node_modules/@angular/core/fesm5/core.js.NullInjector.get (http://localhost:9876/node_modules/@angular/core/fesm5/core.js?:8896:1)
    at resolveToken (http://localhost:9876/node_modules/@angular/core/fesm5/core.js?:9141:1)
    at tryResolveToken (http://localhost:9876/node_modules/@angular/core/fesm5/core.js?:9085:1)
    at StaticInjector.push../node_modules/@angular/core/fesm5/core.js.StaticInjector.get (http://localhost:9876/node_modules/@angular/core/fesm5/core.js?:8982:1)
    at resolveToken (http://localhost:9876/node_modules/@angular/core/fesm5/core.js?:9141:1)
    at tryResolveToken (http://localhost:9876/node_modules/@angular/core/fesm5/core.js?:9085:1)
    at StaticInjector.push../node_modules/@angular/core/fesm5/core.js.StaticInjector.get (http://localhost:9876/node_modules/@angular/core/fesm5/core.js?:8982:1)
    at resolveNgModuleDep (http://localhost:9876/node_modules/@angular/core/fesm5/core.js?:21218:1)
    at NgModuleRef_.push../node_modules/@angular/core/fesm5/core.js.NgModuleRef_.get (http://localhost:9876/node_modules/@angular/core/fesm5/core.js?:21907:1)
    at resolveDep (http://localhost:9876/node_modules/@angular/core/fesm5/core.js?:22278:1)
</failure>
      <failure type="">Error: &lt;spyOn&gt; : could not find an object to spy upon for open()
Usage: spyOn(&lt;object&gt;, &lt;methodName&gt;)
    at &lt;Jasmine&gt;
    at UserContext.&lt;anonymous&gt; (http://localhost:9876/src/app/content/shared/content-inline-editor/content-inline-editor.component.spec.ts?:38:5)
    at ZoneDelegate../node_modules/zone.js/dist/zone.js.ZoneDelegate.invoke (http://localhost:9876/node_modules/zone.js/dist/zone.js?:391:1)
    at ProxyZoneSpec.push../node_modules/zone.js/dist/zone-testing.js.ProxyZoneSpec.onInvoke (http://localhost:9876/node_modules/zone.js/dist/zone-testing.js?:289:1)
    at ZoneDelegate../node_modules/zone.js/dist/zone.js.ZoneDelegate.invoke (http://localhost:9876/node_modules/zone.js/dist/zone.js?:390:1)
    at Zone../node_modules/zone.js/dist/zone.js.Zone.run (http://localhost:9876/node_modules/zone.js/dist/zone.js?:150:1)
    at runInTestZone (http://localhost:9876/node_modules/zone.js/dist/zone-testing.js?:510:1)
    at UserContext.&lt;anonymous&gt; (http://localhost:9876/node_modules/zone.js/dist/zone-testing.js?:525:1)
</failure>
    </testcase>
    <testcase name="should return an ContentVersion with expected version number&gt;" time="0" classname="HeadlessChrome 81.0.4044 (Windows 10.0.0).ContentService getContentVersion">
      <skipped/>
    </testcase>
    <testcase name="should return an ContentVersion[]&gt;" time="0" classname="HeadlessChrome 81.0.4044 (Windows 10.0.0).ContentService getContentHistory">
      <skipped/>
    </testcase>
    <testcase name="should check equal values" time="0" classname="HeadlessChrome 81.0.4044 (Windows 10.0.0).App tests">
      <skipped/>
    </testcase>
    <system-out><![CDATA[
]]></system-out>
    <system-err/>
  </testsuite>
</testsuites>
