<?xml version="1.0"?>
<testsuites>
  <testsuite name="HeadlessChrome 0.0.0 (Windows 10 0.0.0)" package="" timestamp="2020-05-01T19:37:54" id="0" hostname="VYU" tests="1" errors="0" failures="0" time="0.002">
    <properties>
      <property name="browser.fullName" value="Mozilla/5.0 (Windows NT 10.0; Win64; x64) AppleWebKit/537.36 (KHTML, like Gecko) HeadlessChrome/81.0.4044.129 Safari/537.36"/>
    </properties>
    <testcase name="should check equal values" time="0.002" classname="HeadlessChrome 0.0.0 (Windows 10 0.0.0).App tests"/>
    <system-out><![CDATA[
]]></system-out>
    <system-err/>
  </testsuite>
</testsuites>
